0 info it worked if it ends with ok
1 verbose cli [ 'node', '/usr/local/bin/npm', 'view', 'aws-sdk' ]
2 info using npm@1.3.21
3 info using node@v0.10.22
4 verbose node symlink /usr/local/bin/node
5 verbose url raw aws-sdk
6 verbose url resolving [ 'https://registry.npmjs.org/', './aws-sdk' ]
7 verbose url resolved https://registry.npmjs.org/aws-sdk
8 info trying registry request attempt 1 at 20:30:17
9 http GET https://registry.npmjs.org/aws-sdk
10 info retry will retry, error on last attempt: Error: SELF_SIGNED_CERT_IN_CHAIN
11 info trying registry request attempt 2 at 20:30:27
12 http GET https://registry.npmjs.org/aws-sdk
13 info retry will retry, error on last attempt: Error: SELF_SIGNED_CERT_IN_CHAIN
14 info trying registry request attempt 3 at 20:31:27
15 http GET https://registry.npmjs.org/aws-sdk
16 error Error: SELF_SIGNED_CERT_IN_CHAIN
16 error     at SecurePair.<anonymous> (tls.js:1362:32)
16 error     at SecurePair.EventEmitter.emit (events.js:92:17)
16 error     at SecurePair.maybeInitFinished (tls.js:974:10)
16 error     at CleartextStream.read [as _read] (tls.js:462:15)
16 error     at CleartextStream.Readable.read (_stream_readable.js:320:10)
16 error     at EncryptedStream.write [as _write] (tls.js:366:25)
16 error     at doWrite (_stream_writable.js:221:10)
16 error     at writeOrBuffer (_stream_writable.js:211:5)
16 error     at EncryptedStream.Writable.write (_stream_writable.js:180:11)
16 error     at write (_stream_readable.js:583:24)
17 error If you need help, you may report this *entire* log,
17 error including the npm and node versions, at:
17 error     <http://github.com/isaacs/npm/issues>
18 error System Darwin 13.0.0
19 error command "node" "/usr/local/bin/npm" "view" "aws-sdk"
20 error cwd /Users/Connor/Sites/grader
21 error node -v v0.10.22
22 error npm -v 1.3.21
23 verbose exit [ 1, true ]
